<?xml version="1.0" encoding="utf-8"?><testsuites name="pytest tests"><testsuite name="pytest" errors="0" failures="0" skipped="0" tests="11" time="2.591" timestamp="2026-08-14T06:34:39.766046+00:00" hostname="agent-env-590844c8-9228-496d-bbba-576af4a2352b"><testcase classname="tests.test_iteration3_features.TestLikes" name="test_get_likes_requires_auth" time="0.390" /><testcase classname="tests.test_iteration3_features.TestNotes" name="test_get_note_requires_auth" time="0.405" /><testcase classname="tests.test_iteration3_features.TestLikes" name="test_get_likes_initial" time="0.554" /><testcase classname="tests.test_iteration3_features.TestLikes" name="test_toggle_like_on" time="0.540" /><testcase classname="tests.test_iteration3_features.TestNotes" name="test_save_and_get_note" time="0.739" /><testcase classname="tests.test_iteration3_features.TestNotes" name="test_note_upsert_overwrite" time="0.356" /><testcase classname="tests.test_iteration3_features.TestLikes" name="test_toggle_like_off" time="0.293" /><testcase classname="tests.test_iteration3_features.TestNotes" name="test_note_empty_for_new_recipe" time="0.137" /><testcase classname="tests.test_iteration3_features.TestComments" name="test_get_comments_public" time="0.097" /><testcase classname="tests.test_iteration3_features.TestComments" name="test_add_comment_requires_auth" time="0.098" /><testcase classname="tests.test_iteration3_features.TestComments" name="test_add_comment" time="0.295" /></testsuite></testsuites>