<?xml version="1.0" encoding="utf-8"?><testsuites name="pytest tests"><testsuite name="pytest" errors="0" failures="0" skipped="0" tests="6" time="1.809" timestamp="2026-08-14T06:45:50.829190+00:00" hostname="agent-env-590844c8-9228-496d-bbba-576af4a2352b"><testcase classname="tests.test_iteration4_features.TestCoupDeCoeurEnrichment" name="test_listing_has_like_count_and_coup_de_coeur" time="0.368" /><testcase classname="tests.test_iteration4_features.TestThreadedComments" name="test_add_top_level_and_reply" time="1.000" /><testcase classname="tests.test_iteration4_features.TestCoupDeCoeurEnrichment" name="test_like_makes_recipe_coup_de_coeur" time="0.643" /><testcase classname="tests.test_iteration4_features.TestThreadedComments" name="test_list_returns_parent_id_field" time="0.094" /><testcase classname="tests.test_iteration4_features.TestCoupDeCoeurEnrichment" name="test_single_recipe_has_enrichment" time="0.128" /><testcase classname="tests.test_iteration4_features.TestCoupDeCoeurEnrichment" name="test_mine_and_favorites_have_enrichment" time="0.352" /></testsuite></testsuites>