<?xml version="1.0" encoding="utf-8"?><testsuites name="pytest tests"><testsuite name="pytest" errors="0" failures="0" skipped="0" tests="13" time="9.743" timestamp="2026-08-14T06:21:35.793674+00:00" hostname="agent-env-590844c8-9228-496d-bbba-576af4a2352b"><testcase classname="tests.test_bakers_api.TestAuth" name="test_login_invalid" time="0.475" /><testcase classname="tests.test_bakers_api.TestPublic" name="test_categories" time="0.253" /><testcase classname="tests.test_bakers_api.TestPublic" name="test_recipes_seeded" time="0.226" /><testcase classname="tests.test_bakers_api.TestPublic" name="test_tips_seeded" time="0.103" /><testcase classname="tests.test_bakers_api.TestPublic" name="test_recipes_filter_category" time="0.234" /><testcase classname="tests.test_bakers_api.TestAuth" name="test_register_duplicate" time="0.457" /><testcase classname="tests.test_bakers_api.TestAuth" name="test_me" time="0.217" /><testcase classname="tests.test_bakers_api.TestRecipes" name="test_create_and_mine" time="0.688" /><testcase classname="tests.test_bakers_api.TestAuth" name="test_me_unauth" time="0.093" /><testcase classname="tests.test_bakers_api.TestUpload" name="test_upload_image" time="0.388" /><testcase classname="tests.test_bakers_api.TestRecipes" name="test_favorite_toggle" time="0.413" /><testcase classname="tests.test_bakers_api.TestChat" name="test_chat_ai" time="7.356" /><testcase classname="tests.test_bakers_api.TestChat" name="test_chat_history" time="0.143" /></testsuite></testsuites>